<?xml version="1.0" encoding="UTF-8"?>
<!-- Generated by org.testng.reporters.JUnitReportReporter -->
<testsuite hostname="Admin" name="com.CucumberMoneyControl.RunnerSection" tests="1" failures="0" timestamp="6 Jan 2019 10:53:50 GMT" time="85.294" errors="0">
  <testcase name="feature" time="85.294" classname="com.CucumberMoneyControl.RunnerSection"/>
</testsuite> <!-- com.CucumberMoneyControl.RunnerSection -->
