<?xml version="1.0" encoding="UTF-8"?>
<!-- Generated by org.testng.reporters.JUnitReportReporter -->
<testsuite hostname="Admin" name="com.CucumberMoneyControl.Abhi" tests="1" failures="0" timestamp="4 Jan 2019 07:18:56 GMT" time="70.768" errors="0">
  <testcase name="A" time="70.768" classname="com.CucumberMoneyControl.Abhi"/>
</testsuite> <!-- com.CucumberMoneyControl.Abhi -->
