<?xml version="1.0" encoding="UTF-8"?>
<!-- Generated by org.testng.reporters.JUnitReportReporter -->
<testsuite hostname="Admin" name="com.CucumberMoneyControl.Runner" tests="1" failures="0" timestamp="6 Jan 2019 10:44:35 GMT" time="127.474" errors="0">
  <testcase name="feature" time="127.474" classname="com.CucumberMoneyControl.Runner"/>
</testsuite> <!-- com.CucumberMoneyControl.Runner -->
